<?xml version="1.0" encoding="UTF-8"?>
<testng-results ignored="0" total="1" passed="1" failed="0" skipped="0">
  <reporter-output>
  </reporter-output>
  <suite started-at="2026-07-16T15:23:40 IST" name="Default suite" finished-at="2026-07-16T15:24:00 IST" duration-ms="20507">
    <groups>
    </groups>
    <test started-at="2026-07-16T15:23:40 IST" name="Default test" finished-at="2026-07-16T15:24:00 IST" duration-ms="20507">
      <class name="com.Alerts.Demo.A_AlertsTypes">
        <test-method signature="alerts()[pri:0, instance:com.Alerts.Demo.A_AlertsTypes@4135c3b]" started-at="2026-07-16T15:23:40 IST" name="alerts" finished-at="2026-07-16T15:24:00 IST" duration-ms="20448" status="PASS">
          <reporter-output>
          </reporter-output>
        </test-method> <!-- alerts -->
      </class> <!-- com.Alerts.Demo.A_AlertsTypes -->
    </test> <!-- Default test -->
  </suite> <!-- Default suite -->
</testng-results>
