<?xml version="1.0" encoding="UTF-8"?>
<testng-results ignored="0" total="1" passed="1" failed="0" skipped="0">
  <reporter-output>
  </reporter-output>
  <suite started-at="2026-07-14T16:12:48 IST" name="Default suite" finished-at="2026-07-14T16:13:11 IST" duration-ms="22961">
    <groups>
    </groups>
    <test started-at="2026-07-14T16:12:48 IST" name="Default test" finished-at="2026-07-14T16:13:11 IST" duration-ms="22961">
      <class name="com.webdrivercommands.browsertitlecheck">
        <test-method signature="verifyBrowserTitle()[pri:0, instance:com.webdrivercommands.browsertitlecheck@38c6f217]" started-at="2026-07-14T16:12:48 IST" name="verifyBrowserTitle" finished-at="2026-07-14T16:13:11 IST" duration-ms="22920" status="PASS">
          <reporter-output>
          </reporter-output>
        </test-method> <!-- verifyBrowserTitle -->
      </class> <!-- com.webdrivercommands.browsertitlecheck -->
    </test> <!-- Default test -->
  </suite> <!-- Default suite -->
</testng-results>
